# JRE version: Java(TM) SE Runtime Environment (7.0_79-b15) (build 1.7.0_79-b15)
# Java VM: Java HotSpot(TM) 64-Bit Server VM (24.79-b02 mixed mode windows-amd64 compressed oops)
Heap
 PSYoungGen      total 291328K, used 58375K [0x00000000eaa80000, 0x00000000ff600000, 0x0000000100000000)
  eden space 243200K, 24% used [0x00000000eaa80000,0x00000000ee381ea8,0x00000000f9800000)
  from space 48128K, 0% used [0x00000000fc700000,0x00000000fc700000,0x00000000ff600000)
  to   space 48128K, 0% used [0x00000000f9800000,0x00000000f9800000,0x00000000fc700000)
 ParOldGen       total 165376K, used 58690K [0x00000000c0000000, 0x00000000ca180000, 0x00000000eaa80000)
  object space 165376K, 35% used [0x00000000c0000000,0x00000000c3950bf0,0x00000000ca180000)
 PSPermGen       total 93696K, used 55953K [0x00000000b0000000, 0x00000000b5b80000, 0x00000000c0000000)
  object space 93696K, 59% used [0x00000000b0000000,0x00000000b36a45b8,0x00000000b5b80000)
GC Heap History (10 events):
Event: 2002.501 GC heap before
{Heap before GC invocations=33 (full 6):
 PSYoungGen      total 296960K, used 293143K [0x00000000eaa80000, 0x0000000100000000, 0x0000000100000000)
  eden space 254464K, 100% used [0x00000000eaa80000,0x00000000fa300000,0x00000000fa300000)
  from space 42496K, 91% used [0x00000000fd680000,0x00000000ffc45fc0,0x0000000100000000)
  to   space 47616K, 0% used [0x00000000fa300000,0x00000000fa300000,0x00000000fd180000)
 ParOldGen       total 165376K, used 47873K [0x00000000c0000000, 0x00000000ca180000, 0x00000000eaa80000)
  object space 165376K, 28% used [0x00000000c0000000,0x00000000c2ec0658,0x00000000ca180000)
 PSPermGen       total 95744K, used 55706K [0x00000000b0000000, 0x00000000b5d80000, 0x00000000c0000000)
  object space 95744K, 58% used [0x00000000b0000000,0x00000000b3666b10,0x00000000b5d80000)
Event: 2002.529 GC heap after
Heap after GC invocations=33 (full 6):
 PSYoungGen      total 302080K, used 26107K [0x00000000eaa80000, 0x0000000100000000, 0x0000000100000000)
  eden space 254464K, 0% used [0x00000000eaa80000,0x00000000eaa80000,0x00000000fa300000)
  from space 47616K, 54% used [0x00000000fa300000,0x00000000fbc7eda8,0x00000000fd180000)
  to   space 47104K, 0% used [0x00000000fd200000,0x00000000fd200000,0x0000000100000000)
 ParOldGen       total 165376K, used 47873K [0x00000000c0000000, 0x00000000ca180000, 0x00000000eaa80000)
  object space 165376K, 28% used [0x00000000c0000000,0x00000000c2ec0658,0x00000000ca180000)
 PSPermGen       total 95744K, used 55706K [0x00000000b0000000, 0x00000000b5d80000, 0x00000000c0000000)
  object space 95744K, 58% used [0x00000000b0000000,0x00000000b3666b10,0x00000000b5d80000)
}
Event: 2006.706 GC heap before
{Heap before GC invocations=34 (full 6):
 PSYoungGen      total 302080K, used 280571K [0x00000000eaa80000, 0x0000000100000000, 0x0000000100000000)
  eden space 254464K, 100% used [0x00000000eaa80000,0x00000000fa300000,0x00000000fa300000)
  from space 47616K, 54% used [0x00000000fa300000,0x00000000fbc7eda8,0x00000000fd180000)
  to   space 47104K, 0% used [0x00000000fd200000,0x00000000fd200000,0x0000000100000000)
 ParOldGen       total 165376K, used 47873K [0x00000000c0000000, 0x00000000ca180000, 0x00000000eaa80000)
  object space 165376K, 28% used [0x00000000c0000000,0x00000000c2ec0658,0x00000000ca180000)
 PSPermGen       total 95744K, used 56187K [0x00000000b0000000, 0x00000000b5d80000, 0x00000000c0000000)
  object space 95744K, 58% used [0x00000000b0000000,0x00000000b36dec60,0x00000000b5d80000)
Event: 2006.724 GC heap after
Heap after GC invocations=34 (full 6):
 PSYoungGen      total 300544K, used 30991K [0x00000000eaa80000, 0x0000000100000000, 0x0000000100000000)
  eden space 253440K, 0% used [0x00000000eaa80000,0x00000000eaa80000,0x00000000fa200000)
  from space 47104K, 65% used [0x00000000fd200000,0x00000000ff043e88,0x0000000100000000)
  to   space 48128K, 0% used [0x00000000fa200000,0x00000000fa200000,0x00000000fd100000)
 ParOldGen       total 165376K, used 47873K [0x00000000c0000000, 0x00000000ca180000, 0x00000000eaa80000)
  object space 165376K, 28% used [0x00000000c0000000,0x00000000c2ec0658,0x00000000ca180000)
 PSPermGen       total 95744K, used 56187K [0x00000000b0000000, 0x00000000b5d80000, 0x00000000c0000000)
  object space 95744K, 58% used [0x00000000b0000000,0x00000000b36dec60,0x00000000b5d80000)
}
Event: 2948.889 GC heap before
{Heap before GC invocations=35 (full 6):
 PSYoungGen      total 300544K, used 284431K [0x00000000eaa80000, 0x0000000100000000, 0x0000000100000000)
  eden space 253440K, 100% used [0x00000000eaa80000,0x00000000fa200000,0x00000000fa200000)
  from space 47104K, 65% used [0x00000000fd200000,0x00000000ff043e88,0x0000000100000000)
  to   space 48128K, 0% used [0x00000000fa200000,0x00000000fa200000,0x00000000fd100000)
 ParOldGen       total 165376K, used 47873K [0x00000000c0000000, 0x00000000ca180000, 0x00000000eaa80000)
  object space 165376K, 28% used [0x00000000c0000000,0x00000000c2ec0658,0x00000000ca180000)
 PSPermGen       total 95744K, used 56246K [0x00000000b0000000, 0x00000000b5d80000, 0x00000000c0000000)
  object space 95744K, 58% used [0x00000000b0000000,0x00000000b36ed908,0x00000000b5d80000)
Event: 2948.909 GC heap after
Heap after GC invocations=35 (full 6):
 PSYoungGen      total 272896K, used 29223K [0x00000000eaa80000, 0x00000000ff600000, 0x0000000100000000)
  eden space 243200K, 0% used [0x00000000eaa80000,0x00000000eaa80000,0x00000000f9800000)
  from space 29696K, 98% used [0x00000000fa200000,0x00000000fbe89fd8,0x00000000fbf00000)
  to   space 48128K, 0% used [0x00000000fc700000,0x00000000fc700000,0x00000000ff600000)
 ParOldGen       total 165376K, used 47873K [0x00000000c0000000, 0x00000000ca180000, 0x00000000eaa80000)
  object space 165376K, 28% used [0x00000000c0000000,0x00000000c2ec0658,0x00000000ca180000)
 PSPermGen       total 95744K, used 56246K [0x00000000b0000000, 0x00000000b5d80000, 0x00000000c0000000)
  object space 95744K, 58% used [0x00000000b0000000,0x00000000b36ed908,0x00000000b5d80000)
}
Event: 2951.883 GC heap before
{Heap before GC invocations=36 (full 6):
 PSYoungGen      total 272896K, used 140007K [0x00000000eaa80000, 0x00000000ff600000, 0x0000000100000000)
  eden space 243200K, 45% used [0x00000000eaa80000,0x00000000f16afc58,0x00000000f9800000)
  from space 29696K, 98% used [0x00000000fa200000,0x00000000fbe89fd8,0x00000000fbf00000)
  to   space 48128K, 0% used [0x00000000fc700000,0x00000000fc700000,0x00000000ff600000)
 ParOldGen       total 165376K, used 47873K [0x00000000c0000000, 0x00000000ca180000, 0x00000000eaa80000)
  object space 165376K, 28% used [0x00000000c0000000,0x00000000c2ec0658,0x00000000ca180000)
 PSPermGen       total 95744K, used 56249K [0x00000000b0000000, 0x00000000b5d80000, 0x00000000c0000000)
  object space 95744K, 58% used [0x00000000b0000000,0x00000000b36ee750,0x00000000b5d80000)
Event: 2951.914 GC heap after
Heap after GC invocations=36 (full 6):
 PSYoungGen      total 291328K, used 28992K [0x00000000eaa80000, 0x00000000ff600000, 0x0000000100000000)
  eden space 243200K, 0% used [0x00000000eaa80000,0x00000000eaa80000,0x00000000f9800000)
  from space 48128K, 60% used [0x00000000fc700000,0x00000000fe350080,0x00000000ff600000)
  to   space 48128K, 0% used [0x00000000f9800000,0x00000000f9800000,0x00000000fc700000)
 ParOldGen       total 165376K, used 47873K [0x00000000c0000000, 0x00000000ca180000, 0x00000000eaa80000)
  object space 165376K, 28% used [0x00000000c0000000,0x00000000c2ec0658,0x00000000ca180000)
 PSPermGen       total 95744K, used 56249K [0x00000000b0000000, 0x00000000b5d80000, 0x00000000c0000000)
  object space 95744K, 58% used [0x00000000b0000000,0x00000000b36ee750,0x00000000b5d80000)
}
Event: 2951.914 GC heap before
{Heap before GC invocations=37 (full 7):
 PSYoungGen      total 291328K, used 28992K [0x00000000eaa80000, 0x00000000ff600000, 0x0000000100000000)
  eden space 243200K, 0% used [0x00000000eaa80000,0x00000000eaa80000,0x00000000f9800000)
  from space 48128K, 60% used [0x00000000fc700000,0x00000000fe350080,0x00000000ff600000)
  to   space 48128K, 0% used [0x00000000f9800000,0x00000000f9800000,0x00000000fc700000)
 ParOldGen       total 165376K, used 47873K [0x00000000c0000000, 0x00000000ca180000, 0x00000000eaa80000)
  object space 165376K, 28% used [0x00000000c0000000,0x00000000c2ec0658,0x00000000ca180000)
 PSPermGen       total 95744K, used 56249K [0x00000000b0000000, 0x00000000b5d80000, 0x00000000c0000000)
  object space 95744K, 58% used [0x00000000b0000000,0x00000000b36ee750,0x00000000b5d80000)
Event: 2953.018 GC heap after
Heap after GC invocations=37 (full 7):
 PSYoungGen      total 291328K, used 0K [0x00000000eaa80000, 0x00000000ff600000, 0x0000000100000000)
  eden space 243200K, 0% used [0x00000000eaa80000,0x00000000eaa80000,0x00000000f9800000)
  from space 48128K, 0% used [0x00000000fc700000,0x00000000fc700000,0x00000000ff600000)
  to   space 48128K, 0% used [0x00000000f9800000,0x00000000f9800000,0x00000000fc700000)
 ParOldGen       total 165376K, used 58690K [0x00000000c0000000, 0x00000000ca180000, 0x00000000eaa80000)
  object space 165376K, 35% used [0x00000000c0000000,0x00000000c3950bf0,0x00000000ca180000)
 PSPermGen       total 93696K, used 55916K [0x00000000b0000000, 0x00000000b5b80000, 0x00000000c0000000)
  object space 93696K, 59% used [0x00000000b0000000,0x00000000b369b2b0,0x00000000b5b80000)
}

